[0.026s] Invoking command in '/home/shriram/Desktop/ros2Project/build/arduinobot_msgs': CMAKE_PREFIX_PATH=/opt/ros/humble /usr/bin/cmake --build /home/shriram/Desktop/ros2Project/build/arduinobot_msgs -- -j12 -l12
[0.064s] -- Found ament_cmake: 1.3.5 (/opt/ros/humble/share/ament_cmake/cmake)
[0.213s] -- Found std_msgs: 4.2.3 (/opt/ros/humble/share/std_msgs/cmake)
[0.243s] -- Found rosidl_generator_c: 3.1.5 (/opt/ros/humble/share/rosidl_generator_c/cmake)
[0.246s] -- Found rosidl_adapter: 3.1.5 (/opt/ros/humble/share/rosidl_adapter/cmake)
[0.252s] -- Found rosidl_generator_cpp: 3.1.5 (/opt/ros/humble/share/rosidl_generator_cpp/cmake)
[0.264s] -- Using all available rosidl_typesupport_c: rosidl_typesupport_fastrtps_c;rosidl_typesupport_introspection_c
[0.284s] -- Using all available rosidl_typesupport_cpp: rosidl_typesupport_fastrtps_cpp;rosidl_typesupport_introspection_cpp
[0.331s] -- Found rosidl_default_generators: 1.2.0 (/opt/ros/humble/share/rosidl_default_generators/cmake)
[0.515s] [31mCMake Error at /opt/ros/humble/share/rosidl_adapter/cmake/rosidl_adapt_interfaces.cmake:59 (message):
[0.515s]   execute_process(/usr/bin/python3.10 -m rosidl_adapter --package-name
[0.515s]   arduinobot_msgs --arguments-file
[0.515s]   /home/shriram/Desktop/ros2Project/build/arduinobot_msgs/rosidl_adapter__arguments__arduinobot_msgs.json
[0.516s]   --output-dir
[0.516s]   /home/shriram/Desktop/ros2Project/build/arduinobot_msgs/rosidl_adapter/arduinobot_msgs
[0.516s]   --output-file
[0.516s]   /home/shriram/Desktop/ros2Project/build/arduinobot_msgs/rosidl_adapter/arduinobot_msgs.idls)
[0.516s]   returned error code 1:
[0.516s] 
[0.516s]   Traceback (most recent call last):
[0.516s] 
[0.516s]     File "/usr/lib/python3.10/runpy.py", line 196, in _run_module_as_main
[0.516s]       return _run_code(code, main_globals, None,
[0.516s]     File "/usr/lib/python3.10/runpy.py", line 86, in _run_code
[0.516s]       exec(code, run_globals)
[0.516s]     File "/opt/ros/humble/local/lib/python3.10/dist-packages/rosidl_adapter/__main__.py", line 19, in <module>
[0.516s]       sys.exit(main())
[0.516s]     File "/opt/ros/humble/local/lib/python3.10/dist-packages/rosidl_adapter/main.py", line 53, in main
[0.516s]       abs_idl_file = convert_to_idl(
[0.516s]     File "/opt/ros/humble/local/lib/python3.10/dist-packages/rosidl_adapter/__init__.py", line 29, in convert_to_idl
[0.516s]       return convert_action_to_idl(
[0.517s]     File "/opt/ros/humble/local/lib/python3.10/dist-packages/rosidl_adapter/action/__init__.py", line 28, in convert_action_to_idl
[0.517s]       action = parse_action_string(package_name, input_file.stem, content)
[0.517s]     File "/opt/ros/humble/local/lib/python3.10/dist-packages/rosidl_adapter/parser.py", line 894, in parse_action_string
[0.517s]       raise InvalidActionSpecification(
[0.517s] 
[0.517s]   rosidl_adapter.parser.InvalidActionSpecification: Number of '---'
[0.517s]   separators nonconformant with action definition
[0.517s] 
[0.517s] Call Stack (most recent call first):
[0.517s]   /opt/ros/humble/share/rosidl_cmake/cmake/rosidl_generate_interfaces.cmake:130 (rosidl_adapt_interfaces)
[0.517s]   CMakeLists.txt:13 (rosidl_generate_interfaces)
[0.517s] 
[0.517s] [0m
[0.517s] -- Configuring incomplete, errors occurred!
[0.517s] See also "/home/shriram/Desktop/ros2Project/build/arduinobot_msgs/CMakeFiles/CMakeOutput.log".
[0.528s] gmake: *** [Makefile:1395: cmake_check_build_system] Error 1
[0.533s] Invoked command in '/home/shriram/Desktop/ros2Project/build/arduinobot_msgs' returned '2': CMAKE_PREFIX_PATH=/opt/ros/humble /usr/bin/cmake --build /home/shriram/Desktop/ros2Project/build/arduinobot_msgs -- -j12 -l12
